<?xml version="1.0" encoding="UTF-8"?>
<testng-results skipped="0" failed="0" total="2" passed="2">
  <reporter-output>
  </reporter-output>
  <suite name="Default suite" duration-ms="48603" started-at="2019-04-07T14:20:16Z" finished-at="2019-04-07T14:21:04Z">
    <groups>
    </groups>
    <test name="Default test" duration-ms="48603" started-at="2019-04-07T14:20:16Z" finished-at="2019-04-07T14:21:04Z">
      <class name="org.meli.tests.LoginParameters">
        <test-method status="PASS" signature="setBaseURL()[pri:0, instance:org.meli.tests.LoginParameters@7dc7cbad]" name="setBaseURL" is-config="true" duration-ms="8508" started-at="2019-04-07T11:20:16Z" finished-at="2019-04-07T11:20:25Z">
          <reporter-output>
          </reporter-output>
        </test-method> <!-- setBaseURL -->
        <test-method status="PASS" signature="LoginMessageTest(java.lang.String, java.lang.String)[pri:0, instance:org.meli.tests.LoginParameters@7dc7cbad]" name="LoginMessageTest" duration-ms="25835" started-at="2019-04-07T11:20:25Z" data-provider="DP1" finished-at="2019-04-07T11:20:51Z">
          <params>
            <param index="0">
              <value>
                <![CDATA[p@gmail.com]]>
              </value>
            </param>
            <param index="1">
              <value>
                <![CDATA[Ingresaste un e-mail o usuario de Mercado Libre Costa Rica]]>
              </value>
            </param>
          </params>
          <reporter-output>
          </reporter-output>
        </test-method> <!-- LoginMessageTest -->
        <test-method status="PASS" signature="quit()[pri:0, instance:org.meli.tests.LoginParameters@7dc7cbad]" name="quit" is-config="true" duration-ms="770" started-at="2019-04-07T11:20:51Z" finished-at="2019-04-07T11:20:51Z">
          <reporter-output>
          </reporter-output>
        </test-method> <!-- quit -->
        <test-method status="PASS" signature="setBaseURL()[pri:0, instance:org.meli.tests.LoginParameters@7dc7cbad]" name="setBaseURL" is-config="true" duration-ms="4697" started-at="2019-04-07T11:20:51Z" finished-at="2019-04-07T11:20:56Z">
          <reporter-output>
          </reporter-output>
        </test-method> <!-- setBaseURL -->
        <test-method status="PASS" signature="LoginMessageTest(java.lang.String, java.lang.String)[pri:0, instance:org.meli.tests.LoginParameters@7dc7cbad]" name="LoginMessageTest" duration-ms="7639" started-at="2019-04-07T11:20:56Z" data-provider="DP1" finished-at="2019-04-07T11:21:04Z">
          <params>
            <param index="0">
              <value>
                <![CDATA[a@gmail.com]]>
              </value>
            </param>
            <param index="1">
              <value>
                <![CDATA[Ingresaste un e-mail o usuario de Mercado Libre México]]>
              </value>
            </param>
          </params>
          <reporter-output>
          </reporter-output>
        </test-method> <!-- LoginMessageTest -->
        <test-method status="PASS" signature="quit()[pri:0, instance:org.meli.tests.LoginParameters@7dc7cbad]" name="quit" is-config="true" duration-ms="587" started-at="2019-04-07T11:21:04Z" finished-at="2019-04-07T11:21:04Z">
          <reporter-output>
          </reporter-output>
        </test-method> <!-- quit -->
      </class> <!-- org.meli.tests.LoginParameters -->
    </test> <!-- Default test -->
  </suite> <!-- Default suite -->
</testng-results>
